<?xml version="1.0" encoding="UTF-8"?>
<!-- Generated by org.testng.reporters.JUnitReportReporter -->
<testsuite hostname="acer-PC" name="SeleniumPractice.dataprotest" tests="2" failures="0" timestamp="7 Nov 2016 15:15:33 GMT" time="0.029" errors="0">
  <testcase name="register" time="0.004" classname="SeleniumPractice.dataprotest"/>
  <testcase name="register" time="0.025" classname="SeleniumPractice.dataprotest"/>
</testsuite> <!-- SeleniumPractice.dataprotest -->
