<?xml version="1.0" encoding="UTF-8"?>
<!-- Generated by org.testng.reporters.JUnitReportReporter -->
<testsuite hostname="acer-PC" name="SeleniumPractice.paratest" tests="1" failures="0" timestamp="24 Oct 2017 04:32:06 GMT" time="0.098" errors="0">
  <testcase name="test1" time="0.098" classname="SeleniumPractice.paratest"/>
</testsuite> <!-- SeleniumPractice.paratest -->
